<?xml version="1.0" encoding="UTF-8"?>
<testsuite xmlns:xsi="http://www.w3.org/2001/XMLSchema-instance" xsi:noNamespaceSchemaLocation="https://maven.apache.org/surefire/maven-surefire-plugin/xsd/surefire-test-report.xsd" name="com.johnny.pack.age.view.DisplayTest" time="2.389" tests="6" errors="0" skipped="0" failures="0">
  <properties>
[...]
</properties>
  <testcase name="showDisplays_showsDisplays" classname="com.johnny.pack.age.view.DisplayTest" time="2.22"/>
  <testcase name="getListOfAccept1ableNumbers" classname="com.johnny.pack.age.view.DisplayTest" time="0.001"/>
  <testcase name="displayText_displaysText{String}[1]" classname="com.johnny.pack.age.view.DisplayTest" time="0.077"/>
  <testcase name="displayText_displaysText{String}[2]" classname="com.johnny.pack.age.view.DisplayTest" time="0.01"/>
  <testcase name="displayText_displaysText{String}[3]" classname="com.johnny.pack.age.view.DisplayTest" time="0"/>
  <testcase name="displayExits" classname="com.johnny.pack.age.view.DisplayTest" time="0.009"/>
</testsuite>